<?xml version="1.0" encoding="UTF-8"?>
<!-- Generated by org.testng.reporters.JUnitReportReporter -->
<testsuite hostname="HP" failures="0" tests="1" name="testscripts.SubCategoryTest" time="10.922" errors="0" timestamp="2024-07-25T19:44:41 IST" skipped="0">
  <testcase classname="testscripts.SubCategoryTest" name="scrollSubCategoryPage" time="10.922"/>
</testsuite> <!-- testscripts.SubCategoryTest -->
