<?xml version="1.0" encoding="UTF-8"?>
<!-- Generated by org.testng.reporters.JUnitReportReporter -->
<testsuite hostname="HP" failures="0" tests="1" name="Obsqura_7rmartDemo.LoginValidation" time="5.845" errors="0" timestamp="2024-07-16T20:18:18 IST" skipped="0">
  <testcase classname="Obsqura_7rmartDemo.LoginValidation" name="verifyWithInValidUsernameAndPassword" time="5.845"/>
</testsuite> <!-- Obsqura_7rmartDemo.LoginValidation -->
