<?xml version="1.0" encoding="UTF-8"?>
<!-- Generated by org.testng.reporters.JUnitReportReporter -->
<testsuite hostname="HP" failures="0" tests="2" name="testscripts.LoginTest" time="13.625" errors="0" timestamp="2024-07-30T23:45:16 IST" skipped="0">
  <testcase classname="testscripts.LoginTest" name="verifyUserisUnableToLoginWithInValidUserNameAndValidpassword" time="6.920"/>
  <testcase classname="testscripts.LoginTest" name="verifyUserisUnableToLoginWithInValidUserNameAndValidpassword" time="6.705"/>
</testsuite> <!-- testscripts.LoginTest -->
