<?xml version="1.0" encoding="UTF-8"?>
<!-- Generated by org.testng.reporters.JUnitReportReporter -->
<testsuite hostname="HP" failures="0" tests="1" name="testscripts.LoginTest" time="20.575" errors="0" timestamp="2024-08-03T17:35:23 IST" skipped="0">
  <testcase classname="testscripts.LoginTest" name="verifyUserLoginWithValidUsernameAndPassword" time="20.575"/>
</testsuite> <!-- testscripts.LoginTest -->
