<?xml version="1.0" encoding="UTF-8"?>
<!-- Generated by org.testng.reporters.JUnitReportReporter -->
<testsuite hostname="HP" failures="0" tests="1" name="testscripts.AdminUsersTest" time="8.136" errors="0" timestamp="2024-07-25T15:55:18 IST" skipped="0">
  <testcase classname="testscripts.AdminUsersTest" name="verifyUsernavigateToAdminUsersMoreInfoToAddNewUsers" time="8.136"/>
</testsuite> <!-- testscripts.AdminUsersTest -->
