<?xml version="1.0" encoding="UTF-8"?>
<!-- Generated by org.testng.reporters.JUnitReportReporter -->
<testsuite hostname="HP" failures="0" tests="2" name="testscripts.AdminUserSearchTest" time="15.222" errors="0" timestamp="2024-07-30T23:46:00 IST" skipped="0">
  <testcase classname="testscripts.AdminUserSearchTest" name="verifyUserisAbleToResetTheSearchedItem" time="7.655"/>
  <testcase classname="testscripts.AdminUserSearchTest" name="verifyUsernavigateToAdminUsersMoreInfoToAddNewUsers" time="7.567"/>
</testsuite> <!-- testscripts.AdminUserSearchTest -->
