<?xml version="1.0" encoding="UTF-8"?>
<!-- Generated by org.testng.reporters.JUnitReportReporter -->
<testsuite hostname="HP" failures="0" tests="1" name="testscripts.LoginTest" time="8.995" errors="0" timestamp="2024-07-21T15:58:18 IST" skipped="0">
  <testcase classname="testscripts.LoginTest" name="verifyUsernavigateToAdminUsersMoreInfoToAddNewUsers" time="8.995"/>
</testsuite> <!-- testscripts.LoginTest -->
