<?xml version="1.0" encoding="UTF-8"?>
<!-- Generated by org.testng.reporters.JUnitReportReporter -->
<testsuite hostname="HP" failures="0" tests="1" name="testscripts.AdminUserSearchTest" time="6.795" errors="0" timestamp="2024-07-24T14:38:43 IST" skipped="0">
  <testcase classname="testscripts.AdminUserSearchTest" name="verifyUsernavigateToAdminUsersMoreInfoToAddNewUsers" time="6.795"/>
</testsuite> <!-- testscripts.AdminUserSearchTest -->
