<?xml version="1.0" encoding="UTF-8"?>
<!-- Generated by org.testng.reporters.JUnitReportReporter -->
<testsuite hostname="HP" failures="0" tests="1" name="testscripts.AdminUsersTest" time="8.005" errors="0" timestamp="2024-07-22T22:23:03 IST" skipped="0">
  <testcase classname="testscripts.AdminUsersTest" name="verifyUsernavigateToAdminUsersMoreInfoToAddNewUsers" time="8.005"/>
</testsuite> <!-- testscripts.AdminUsersTest -->
