<?xml version="1.0" encoding="UTF-8"?>
<!-- Generated by org.testng.reporters.JUnitReportReporter -->
<testsuite hostname="HP" failures="0" tests="1" name="testscripts.SearchUserTest" time="8.764" errors="0" timestamp="2024-07-21T23:20:57 IST" skipped="0">
  <testcase classname="testscripts.SearchUserTest" name="verifyUserisAbleToResetTheSearchedItem" time="8.764"/>
</testsuite> <!-- testscripts.SearchUserTest -->
